{
  "RSpec": {
    "coverage": {
      "/Users/FayeCarter/Documents/Makers_Academy/Week_10/bank_tech_test/spec/account_spec.rb": {
        "lines": [
          1,
          null,
          1,
          1,
          1,
          1,
          null,
          null,
          1,
          1,
          1,
          1,
          null,
          null,
          1,
          1,
          1,
          1,
          null,
          null
        ]
      },
      "/Users/FayeCarter/Documents/Makers_Academy/Week_10/bank_tech_test/lib/account.rb": {
        "lines": [
          1,
          null,
          1,
          null,
          1,
          3,
          3,
          null,
          null,
          1,
          2,
          null,
          null,
          1,
          2,
          2,
          null,
          null,
          null
        ]
      }
    },
    "timestamp": 1589808734
  }
}
