{
  "RSpec": {
    "coverage": {
      "/Users/FayeCarter/Documents/Makers_Academy/Week_10/bank_tech_test/spec/features/account_features_spec.rb": {
        "lines": [
          1,
          null,
          1,
          null,
          1,
          1,
          1,
          1,
          1,
          1,
          null,
          null,
          null,
          null,
          null,
          null
        ]
      },
      "/Users/FayeCarter/Documents/Makers_Academy/Week_10/bank_tech_test/lib/account.rb": {
        "lines": [
          1,
          1,
          null,
          1,
          null,
          1,
          null,
          1,
          11,
          11,
          null,
          null,
          1,
          5,
          null,
          null,
          1,
          8,
          8,
          8,
          null,
          null,
          1,
          5,
          5,
          5,
          null,
          null,
          1,
          3,
          3,
          3,
          null,
          null,
          null
        ]
      },
      "/Users/FayeCarter/Documents/Makers_Academy/Week_10/bank_tech_test/lib/transaction.rb": {
        "lines": [
          1,
          null,
          1,
          null,
          1,
          24,
          24,
          24,
          24,
          null,
          null,
          1,
          null,
          1,
          72,
          null,
          null,
          1,
          24,
          11,
          13,
          8,
          null,
          5,
          null,
          null,
          null,
          null
        ]
      },
      "/Users/FayeCarter/Documents/Makers_Academy/Week_10/bank_tech_test/lib/statement.rb": {
        "lines": [
          1,
          null,
          1,
          6,
          6,
          null,
          null,
          1,
          5,
          6,
          6,
          null,
          5,
          null,
          null,
          1,
          5,
          5,
          5,
          null,
          5,
          null,
          null,
          null
        ]
      },
      "/Users/FayeCarter/Documents/Makers_Academy/Week_10/bank_tech_test/spec/unit/account_spec.rb": {
        "lines": [
          1,
          1,
          null,
          1,
          11,
          1,
          null,
          1,
          1,
          null,
          null,
          1,
          1,
          1,
          1,
          1,
          1,
          null,
          null,
          1,
          1,
          1,
          1,
          null,
          null,
          1,
          1,
          1,
          null,
          null,
          1,
          1,
          1,
          null,
          null,
          null,
          1,
          1,
          1,
          1,
          1,
          null,
          null,
          1,
          1,
          1,
          null,
          null,
          1,
          1,
          1,
          null,
          null,
          null,
          1,
          1,
          1,
          null,
          null,
          1,
          1,
          1,
          null,
          null,
          null
        ]
      },
      "/Users/FayeCarter/Documents/Makers_Academy/Week_10/bank_tech_test/spec/unit/statement_spec.rb": {
        "lines": [
          1,
          null,
          1,
          null,
          1,
          1,
          1,
          null,
          null,
          1,
          1,
          1,
          1,
          null,
          null,
          null,
          null,
          null,
          1,
          null,
          null,
          null,
          1,
          1,
          1,
          1,
          null,
          null,
          null,
          null,
          null,
          1,
          1,
          null,
          null,
          null,
          null,
          null
        ]
      },
      "/Users/FayeCarter/Documents/Makers_Academy/Week_10/bank_tech_test/spec/unit/transaction_spec.rb": {
        "lines": [
          1,
          null,
          1,
          null,
          1,
          5,
          null,
          1,
          1,
          null,
          null,
          1,
          1,
          1,
          null,
          null,
          1,
          1,
          null,
          null,
          1,
          1,
          1,
          null,
          null,
          1,
          1,
          1,
          1,
          1,
          null,
          null,
          1,
          1,
          1,
          null,
          null,
          1,
          1,
          1,
          null,
          null,
          null,
          1,
          1,
          1,
          null,
          null,
          1,
          1,
          1,
          1,
          1,
          null,
          null,
          1,
          1,
          1,
          null,
          null,
          1,
          1,
          1,
          null,
          null,
          null
        ]
      }
    },
    "timestamp": 1589882844
  }
}
